<?xml version="1.0" encoding="UTF-8"?>
<testng-results skipped="0" failed="0" total="1" passed="1">
  <reporter-output>
  </reporter-output>
  <suite name="Default suite" duration-ms="9806" started-at="2021-12-29T15:29:01Z" finished-at="2021-12-29T15:29:11Z">
    <groups>
    </groups>
    <test name="Default test" duration-ms="9806" started-at="2021-12-29T15:29:01Z" finished-at="2021-12-29T15:29:11Z">
      <class name="pages.HomePage">
        <test-method status="PASS" signature="test()[pri:0, instance:pages.HomePage@69b2283a]" name="test" duration-ms="9784" started-at="2021-12-29T20:59:01Z" finished-at="2021-12-29T20:59:11Z">
          <reporter-output>
          </reporter-output>
        </test-method> <!-- test -->
      </class> <!-- pages.HomePage -->
    </test> <!-- Default test -->
  </suite> <!-- Default suite -->
</testng-results>
